STAR version=2.7.3a
STAR compilation time,server,dir=Tue Oct 8 18:55:53 GMT 2019 :/Users/travis/build/alexdobin/travis-tests/STARcompile/source
##### Command Line:
STAR --runMode alignReads --runThreadN 1 --genomeDir Database/WSN_star --readFilesIn Sequencing/trimmed_reads/Tmut_1_S4_L001_R2_001.fastq --outFileNamePrefix Results/STARalign/Tmut-1_R2_ --outSAMtype BAM Unsorted --alignSJoverhangMin 1000 --outFilterMismatchNmax 3 --scoreDelOpen -6 --scoreDelBase -6 --alignEndsType EndToEnd --outSAMunmapped Within
##### Initial USER parameters from Command Line:
outFileNamePrefix                 Results/STARalign/Tmut-1_R2_
###### All USER parameters from Command Line:
runMode                       alignReads     ~RE-DEFINED
runThreadN                    1     ~RE-DEFINED
genomeDir                     Database/WSN_star     ~RE-DEFINED
readFilesIn                   Sequencing/trimmed_reads/Tmut_1_S4_L001_R2_001.fastq        ~RE-DEFINED
outFileNamePrefix             Results/STARalign/Tmut-1_R2_     ~RE-DEFINED
outSAMtype                    BAM   Unsorted        ~RE-DEFINED
alignSJoverhangMin            1000     ~RE-DEFINED
outFilterMismatchNmax         3     ~RE-DEFINED
scoreDelOpen                  -6     ~RE-DEFINED
scoreDelBase                  -6     ~RE-DEFINED
alignEndsType                 EndToEnd     ~RE-DEFINED
outSAMunmapped                Within        ~RE-DEFINED
##### Finished reading parameters from all sources

##### Final user re-defined parameters-----------------:
runMode                           alignReads
runThreadN                        1
genomeDir                         Database/WSN_star
readFilesIn                       Sequencing/trimmed_reads/Tmut_1_S4_L001_R2_001.fastq   
outFileNamePrefix                 Results/STARalign/Tmut-1_R2_
outSAMtype                        BAM   Unsorted   
outSAMunmapped                    Within   
outFilterMismatchNmax             3
scoreDelBase                      -6
scoreDelOpen                      -6
alignSJoverhangMin                1000
alignEndsType                     EndToEnd

-------------------------------
##### Final effective command line:
STAR   --runMode alignReads   --runThreadN 1   --genomeDir Database/WSN_star   --readFilesIn Sequencing/trimmed_reads/Tmut_1_S4_L001_R2_001.fastq      --outFileNamePrefix Results/STARalign/Tmut-1_R2_   --outSAMtype BAM   Unsorted      --outSAMunmapped Within      --outFilterMismatchNmax 3   --scoreDelBase -6   --scoreDelOpen -6   --alignSJoverhangMin 1000   --alignEndsType EndToEnd
----------------------------------------

Finished loading and checking parameters
Reading genome generation parameters:
### STAR   --runMode genomeGenerate   --genomeDir Data/Flu_Genome/STAR   --genomeFastaFiles Data/Flu_Genome/WSN_vRNA.fa      --genomeSAindexNbases 2
### GstrandBit=32
versionGenome                 2.7.1a     ~RE-DEFINED
genomeFastaFiles              Data/Flu_Genome/WSN_vRNA.fa        ~RE-DEFINED
genomeSAindexNbases           2     ~RE-DEFINED
genomeChrBinNbits             18     ~RE-DEFINED
genomeSAsparseD               1     ~RE-DEFINED
sjdbOverhang                  0     ~RE-DEFINED
sjdbFileChrStartEnd           -        ~RE-DEFINED
sjdbGTFfile                   -     ~RE-DEFINED
sjdbGTFchrPrefix              -     ~RE-DEFINED
sjdbGTFfeatureExon            exon     ~RE-DEFINED
sjdbGTFtagExonParentTranscripttranscript_id     ~RE-DEFINED
sjdbGTFtagExonParentGene      gene_id     ~RE-DEFINED
sjdbInsertSave                Basic     ~RE-DEFINED
genomeFileSizes               2097152   112971        ~RE-DEFINED
Genome version is compatible with current STAR
Number of real (reference) chromosomes= 8
1	HA_vRNA	1789	0
2	M_vRNA	1041	262144
3	NA_vRNA	1423	524288
4	NP_vRNA	1579	786432
5	NS_vRNA	904	1048576
6	PA_vRNA	2247	1310720
7	PB1_vRNA	2355	1572864
8	PB2_vRNA	2355	1835008
Started loading the genome: Tue Jan  2 16:49:11 2024

Genome: size given as a parameter = 2097152
SA: size given as a parameter = 112971
SAindex: size given as a parameter = 1
Read from SAindex: pGe.gSAindexNbases=2  nSAi=20
nGenome=2097152;  nSAbyte=112971
GstrandBit=32   SA number of indices=27386
Shared memory is not used for genomes. Allocated a private copy of the genome.
Genome file size: 2097152 bytes; state: good=1 eof=0 fail=0 bad=0
Loading Genome ... done! state: good=1 eof=0 fail=0 bad=0; loaded 2097152 bytes
SA file size: 112971 bytes; state: good=1 eof=0 fail=0 bad=0
Loading SA ... done! state: good=1 eof=0 fail=0 bad=0; loaded 112971 bytes
Loading SAindex ... done: 123 bytes
Finished loading the genome: Tue Jan  2 16:49:11 2024

Sum of all Genome bytes: 10439319
Sum of all SA bytes: 9594248
Sum of all SAi bytes: 3929
alignIntronMax=alignMatesGapMax=0, the max intron size will be approximately determined by (2^winBinNbits)*winAnchorDistNbins=589824
Thread #0 end of input stream, nextChar=-1
Completed: thread #0
ALL DONE!
