                                 Started job on |	Jan 02 16:50:08
                             Started mapping on |	Jan 02 16:50:08
                                    Finished on |	Jan 02 16:50:25
       Mapping speed, Million of reads per hour |	151.99

                          Number of input reads |	717723
                      Average input read length |	147
                                    UNIQUE READS:
                   Uniquely mapped reads number |	170100
                        Uniquely mapped reads % |	23.70%
                          Average mapped length |	157.51
                       Number of splices: Total |	0
            Number of splices: Annotated (sjdb) |	0
                       Number of splices: GT/AG |	0
                       Number of splices: GC/AG |	0
                       Number of splices: AT/AC |	0
               Number of splices: Non-canonical |	0
                      Mismatch rate per base, % |	0.15%
                         Deletion rate per base |	0.00%
                        Deletion average length |	1.14
                        Insertion rate per base |	0.00%
                       Insertion average length |	1.18
                             MULTI-MAPPING READS:
        Number of reads mapped to multiple loci |	0
             % of reads mapped to multiple loci |	0.00%
        Number of reads mapped to too many loci |	0
             % of reads mapped to too many loci |	0.00%
                                  UNMAPPED READS:
  Number of reads unmapped: too many mismatches |	345752
       % of reads unmapped: too many mismatches |	48.17%
            Number of reads unmapped: too short |	198767
                 % of reads unmapped: too short |	27.69%
                Number of reads unmapped: other |	3104
                     % of reads unmapped: other |	0.43%
                                  CHIMERIC READS:
                       Number of chimeric reads |	0
                            % of chimeric reads |	0.00%
