                                 Started job on |	Jan 02 16:50:25
                             Started mapping on |	Jan 02 16:50:25
                                    Finished on |	Jan 02 16:50:49
       Mapping speed, Million of reads per hour |	107.66

                          Number of input reads |	717723
                      Average input read length |	142
                                    UNIQUE READS:
                   Uniquely mapped reads number |	234903
                        Uniquely mapped reads % |	32.73%
                          Average mapped length |	133.02
                       Number of splices: Total |	0
            Number of splices: Annotated (sjdb) |	0
                       Number of splices: GT/AG |	0
                       Number of splices: GC/AG |	0
                       Number of splices: AT/AC |	0
               Number of splices: Non-canonical |	0
                      Mismatch rate per base, % |	0.79%
                         Deletion rate per base |	0.01%
                        Deletion average length |	1.27
                        Insertion rate per base |	0.00%
                       Insertion average length |	1.09
                             MULTI-MAPPING READS:
        Number of reads mapped to multiple loci |	216
             % of reads mapped to multiple loci |	0.03%
        Number of reads mapped to too many loci |	0
             % of reads mapped to too many loci |	0.00%
                                  UNMAPPED READS:
  Number of reads unmapped: too many mismatches |	201783
       % of reads unmapped: too many mismatches |	28.11%
            Number of reads unmapped: too short |	268008
                 % of reads unmapped: too short |	37.34%
                Number of reads unmapped: other |	12813
                     % of reads unmapped: other |	1.79%
                                  CHIMERIC READS:
                       Number of chimeric reads |	0
                            % of chimeric reads |	0.00%
