                                 Started job on |	Jan 02 16:48:53
                             Started mapping on |	Jan 02 16:48:53
                                    Finished on |	Jan 02 16:49:11
       Mapping speed, Million of reads per hour |	164.51

                          Number of input reads |	822527
                      Average input read length |	142
                                    UNIQUE READS:
                   Uniquely mapped reads number |	199943
                        Uniquely mapped reads % |	24.31%
                          Average mapped length |	157.40
                       Number of splices: Total |	0
            Number of splices: Annotated (sjdb) |	0
                       Number of splices: GT/AG |	0
                       Number of splices: GC/AG |	0
                       Number of splices: AT/AC |	0
               Number of splices: Non-canonical |	0
                      Mismatch rate per base, % |	0.13%
                         Deletion rate per base |	0.00%
                        Deletion average length |	1.16
                        Insertion rate per base |	0.00%
                       Insertion average length |	1.03
                             MULTI-MAPPING READS:
        Number of reads mapped to multiple loci |	6
             % of reads mapped to multiple loci |	0.00%
        Number of reads mapped to too many loci |	0
             % of reads mapped to too many loci |	0.00%
                                  UNMAPPED READS:
  Number of reads unmapped: too many mismatches |	292488
       % of reads unmapped: too many mismatches |	35.56%
            Number of reads unmapped: too short |	327651
                 % of reads unmapped: too short |	39.83%
                Number of reads unmapped: other |	2439
                     % of reads unmapped: other |	0.30%
                                  CHIMERIC READS:
                       Number of chimeric reads |	0
                            % of chimeric reads |	0.00%
