                                 Started job on |	Jan 02 16:49:11
                             Started mapping on |	Jan 02 16:49:11
                                    Finished on |	Jan 02 16:49:35
       Mapping speed, Million of reads per hour |	123.38

                          Number of input reads |	822527
                      Average input read length |	140
                                    UNIQUE READS:
                   Uniquely mapped reads number |	232187
                        Uniquely mapped reads % |	28.23%
                          Average mapped length |	137.11
                       Number of splices: Total |	0
            Number of splices: Annotated (sjdb) |	0
                       Number of splices: GT/AG |	0
                       Number of splices: GC/AG |	0
                       Number of splices: AT/AC |	0
               Number of splices: Non-canonical |	0
                      Mismatch rate per base, % |	0.71%
                         Deletion rate per base |	0.01%
                        Deletion average length |	1.08
                        Insertion rate per base |	0.00%
                       Insertion average length |	1.05
                             MULTI-MAPPING READS:
        Number of reads mapped to multiple loci |	168
             % of reads mapped to multiple loci |	0.02%
        Number of reads mapped to too many loci |	0
             % of reads mapped to too many loci |	0.00%
                                  UNMAPPED READS:
  Number of reads unmapped: too many mismatches |	208908
       % of reads unmapped: too many mismatches |	25.40%
            Number of reads unmapped: too short |	362336
                 % of reads unmapped: too short |	44.05%
                Number of reads unmapped: other |	18928
                     % of reads unmapped: other |	2.30%
                                  CHIMERIC READS:
                       Number of chimeric reads |	0
                            % of chimeric reads |	0.00%
