                                 Started job on |	Jan 02 16:51:44
                             Started mapping on |	Jan 02 16:51:44
                                    Finished on |	Jan 02 16:52:05
       Mapping speed, Million of reads per hour |	117.66

                          Number of input reads |	686337
                      Average input read length |	143
                                    UNIQUE READS:
                   Uniquely mapped reads number |	246431
                        Uniquely mapped reads % |	35.91%
                          Average mapped length |	137.10
                       Number of splices: Total |	0
            Number of splices: Annotated (sjdb) |	0
                       Number of splices: GT/AG |	0
                       Number of splices: GC/AG |	0
                       Number of splices: AT/AC |	0
               Number of splices: Non-canonical |	0
                      Mismatch rate per base, % |	0.72%
                         Deletion rate per base |	0.01%
                        Deletion average length |	1.21
                        Insertion rate per base |	0.00%
                       Insertion average length |	1.03
                             MULTI-MAPPING READS:
        Number of reads mapped to multiple loci |	253
             % of reads mapped to multiple loci |	0.04%
        Number of reads mapped to too many loci |	0
             % of reads mapped to too many loci |	0.00%
                                  UNMAPPED READS:
  Number of reads unmapped: too many mismatches |	194647
       % of reads unmapped: too many mismatches |	28.36%
            Number of reads unmapped: too short |	235332
                 % of reads unmapped: too short |	34.29%
                Number of reads unmapped: other |	9674
                     % of reads unmapped: other |	1.41%
                                  CHIMERIC READS:
                       Number of chimeric reads |	0
                            % of chimeric reads |	0.00%
