                                 Started job on |	Jan 02 16:49:50
                             Started mapping on |	Jan 02 16:49:50
                                    Finished on |	Jan 02 16:50:06
       Mapping speed, Million of reads per hour |	113.30

                          Number of input reads |	503536
                      Average input read length |	144
                                    UNIQUE READS:
                   Uniquely mapped reads number |	208087
                        Uniquely mapped reads % |	41.33%
                          Average mapped length |	140.25
                       Number of splices: Total |	0
            Number of splices: Annotated (sjdb) |	0
                       Number of splices: GT/AG |	0
                       Number of splices: GC/AG |	0
                       Number of splices: AT/AC |	0
               Number of splices: Non-canonical |	0
                      Mismatch rate per base, % |	0.70%
                         Deletion rate per base |	0.00%
                        Deletion average length |	1.31
                        Insertion rate per base |	0.00%
                       Insertion average length |	1.05
                             MULTI-MAPPING READS:
        Number of reads mapped to multiple loci |	236
             % of reads mapped to multiple loci |	0.05%
        Number of reads mapped to too many loci |	0
             % of reads mapped to too many loci |	0.00%
                                  UNMAPPED READS:
  Number of reads unmapped: too many mismatches |	138222
       % of reads unmapped: too many mismatches |	27.45%
            Number of reads unmapped: too short |	153657
                 % of reads unmapped: too short |	30.52%
                Number of reads unmapped: other |	3334
                     % of reads unmapped: other |	0.66%
                                  CHIMERIC READS:
                       Number of chimeric reads |	0
                            % of chimeric reads |	0.00%
