                                 Started job on |	Jan 02 16:50:51
                             Started mapping on |	Jan 02 16:50:51
                                    Finished on |	Jan 02 16:51:07
       Mapping speed, Million of reads per hour |	144.34

                          Number of input reads |	641511
                      Average input read length |	134
                                    UNIQUE READS:
                   Uniquely mapped reads number |	172995
                        Uniquely mapped reads % |	26.97%
                          Average mapped length |	156.78
                       Number of splices: Total |	0
            Number of splices: Annotated (sjdb) |	0
                       Number of splices: GT/AG |	0
                       Number of splices: GC/AG |	0
                       Number of splices: AT/AC |	0
               Number of splices: Non-canonical |	0
                      Mismatch rate per base, % |	0.20%
                         Deletion rate per base |	0.01%
                        Deletion average length |	3.31
                        Insertion rate per base |	0.02%
                       Insertion average length |	1.00
                             MULTI-MAPPING READS:
        Number of reads mapped to multiple loci |	519
             % of reads mapped to multiple loci |	0.08%
        Number of reads mapped to too many loci |	0
             % of reads mapped to too many loci |	0.00%
                                  UNMAPPED READS:
  Number of reads unmapped: too many mismatches |	213711
       % of reads unmapped: too many mismatches |	33.31%
            Number of reads unmapped: too short |	252119
                 % of reads unmapped: too short |	39.30%
                Number of reads unmapped: other |	2167
                     % of reads unmapped: other |	0.34%
                                  CHIMERIC READS:
                       Number of chimeric reads |	0
                            % of chimeric reads |	0.00%
