                                 Started job on |	Jan 02 16:52:23
                             Started mapping on |	Jan 02 16:52:23
                                    Finished on |	Jan 02 16:52:46
       Mapping speed, Million of reads per hour |	111.05

                          Number of input reads |	709471
                      Average input read length |	142
                                    UNIQUE READS:
                   Uniquely mapped reads number |	234748
                        Uniquely mapped reads % |	33.09%
                          Average mapped length |	139.12
                       Number of splices: Total |	0
            Number of splices: Annotated (sjdb) |	0
                       Number of splices: GT/AG |	0
                       Number of splices: GC/AG |	0
                       Number of splices: AT/AC |	0
               Number of splices: Non-canonical |	0
                      Mismatch rate per base, % |	0.75%
                         Deletion rate per base |	0.01%
                        Deletion average length |	1.35
                        Insertion rate per base |	0.00%
                       Insertion average length |	1.08
                             MULTI-MAPPING READS:
        Number of reads mapped to multiple loci |	280
             % of reads mapped to multiple loci |	0.04%
        Number of reads mapped to too many loci |	0
             % of reads mapped to too many loci |	0.00%
                                  UNMAPPED READS:
  Number of reads unmapped: too many mismatches |	215478
       % of reads unmapped: too many mismatches |	30.37%
            Number of reads unmapped: too short |	254856
                 % of reads unmapped: too short |	35.92%
                Number of reads unmapped: other |	4109
                     % of reads unmapped: other |	0.58%
                                  CHIMERIC READS:
                       Number of chimeric reads |	0
                            % of chimeric reads |	0.00%
